<?xml version="1.0" encoding="UTF-8"?>
<!-- Generated by org.testng.reporters.JUnitReportReporter -->
<testsuite skipped="0" hostname="e827b42b03ca" name="com.searchmodule.tests.SearchTest" tests="4" failures="0" timestamp="07 Aug 2019 05:26:27 GMT" time="16.881" errors="0">
  <testcase name="search" time="4.154" classname="com.searchmodule.tests.SearchTest"/>
  <testcase name="search" time="5.348" classname="com.searchmodule.tests.SearchTest"/>
  <testcase name="search" time="3.702" classname="com.searchmodule.tests.SearchTest"/>
  <testcase name="search" time="3.677" classname="com.searchmodule.tests.SearchTest"/>
</testsuite> <!-- com.searchmodule.tests.SearchTest -->
